TN:
SF:/Users/samuelollason/Documents/Personal/Develop/weatherMobileApp/App.js
FN:22,(anonymous_0)
FN:50,(anonymous_1)
FN:77,(anonymous_2)
FN:93,(anonymous_3)
FN:97,(anonymous_4)
FN:112,(anonymous_5)
FN:118,(anonymous_6)
FN:126,(anonymous_7)
FN:141,(anonymous_8)
FN:147,(anonymous_9)
FN:153,(anonymous_10)
FN:159,(anonymous_11)
FN:167,(anonymous_12)
FNF:13
FNH:10
FNDA:10,(anonymous_0)
FNDA:0,(anonymous_1)
FNDA:1,(anonymous_2)
FNDA:3,(anonymous_3)
FNDA:1,(anonymous_4)
FNDA:0,(anonymous_5)
FNDA:0,(anonymous_6)
FNDA:1,(anonymous_7)
FNDA:1,(anonymous_8)
FNDA:1,(anonymous_9)
FNDA:1,(anonymous_10)
FNDA:1,(anonymous_11)
FNDA:14,(anonymous_12)
DA:18,1
DA:23,10
DA:25,10
DA:36,10
DA:37,10
DA:38,10
DA:39,10
DA:50,10
DA:52,0
DA:55,0
DA:57,0
DA:59,0
DA:61,0
DA:63,0
DA:66,0
DA:67,0
DA:69,0
DA:70,0
DA:72,0
DA:77,10
DA:78,1
DA:79,1
DA:83,1
DA:85,1
DA:88,0
DA:89,0
DA:93,10
DA:94,3
DA:97,10
DA:99,1
DA:101,1
DA:103,1
DA:112,10
DA:113,0
DA:118,10
DA:119,0
DA:120,0
DA:122,0
DA:126,10
DA:127,1
DA:128,1
DA:131,1
DA:133,1
DA:136,0
DA:137,0
DA:141,10
DA:142,1
DA:147,10
DA:148,1
DA:153,10
DA:154,1
DA:159,10
DA:160,1
DA:161,0
DA:163,1
DA:169,14
DA:171,14
DA:205,1
LF:58
LH:38
BRDA:59,0,0,0
BRDA:59,0,1,0
BRDA:69,1,0,0
BRDA:69,1,1,0
BRDA:77,2,0,1
BRDA:94,3,0,3
BRDA:94,3,1,2
BRDA:119,4,0,0
BRDA:119,4,1,0
BRDA:160,5,0,0
BRDA:160,5,1,1
BRDA:163,6,0,0
BRDA:163,6,1,1
BRF:13
BRH:5
end_of_record
TN:
SF:/Users/samuelollason/Documents/Personal/Develop/weatherMobileApp/BackgroundImage.js
FN:21,(anonymous_0)
FN:23,(anonymous_1)
FNF:2
FNH:2
FNDA:6,(anonymous_0)
FNDA:6,(anonymous_1)
DA:4,3
DA:21,3
DA:23,6
DA:24,6
DA:26,6
DA:27,5
DA:28,0
DA:31,5
DA:32,1
DA:35,5
DA:36,0
DA:39,5
DA:40,1
DA:43,5
DA:44,0
DA:47,5
DA:48,0
DA:51,5
DA:52,0
DA:55,5
DA:56,0
DA:60,6
DA:63,6
DA:65,6
LF:24
LH:18
BRDA:26,0,0,5
BRDA:26,0,1,1
BRDA:27,1,0,0
BRDA:27,1,1,5
BRDA:31,2,0,1
BRDA:31,2,1,4
BRDA:31,3,0,5
BRDA:31,3,1,4
BRDA:35,4,0,0
BRDA:35,4,1,5
BRDA:39,5,0,1
BRDA:39,5,1,4
BRDA:43,6,0,0
BRDA:43,6,1,5
BRDA:47,7,0,0
BRDA:47,7,1,5
BRDA:51,8,0,0
BRDA:51,8,1,5
BRDA:55,9,0,0
BRDA:55,9,1,5
BRF:20
BRH:14
end_of_record
TN:
SF:/Users/samuelollason/Documents/Personal/Develop/weatherMobileApp/BottomSection.js
FN:5,(anonymous_0)
FN:14,(anonymous_1)
FNF:2
FNH:1
FNDA:1,(anonymous_0)
FNDA:0,(anonymous_1)
DA:5,1
DA:6,1
DA:14,0
DA:56,1
LF:4
LH:3
BRDA:12,0,0,0
BRDA:12,0,1,1
BRF:2
BRH:1
end_of_record
TN:
SF:/Users/samuelollason/Documents/Personal/Develop/weatherMobileApp/CurrentWeatherPane.js
FN:5,(anonymous_0)
FNF:1
FNH:1
FNDA:1,(anonymous_0)
DA:5,1
DA:6,1
DA:8,1
DA:27,1
LF:4
LH:4
BRDA:6,0,0,1
BRDA:6,0,1,0
BRF:2
BRH:1
end_of_record
TN:
SF:/Users/samuelollason/Documents/Personal/Develop/weatherMobileApp/ForecastList.js
FN:4,(anonymous_0)
FN:7,(anonymous_1)
FN:23,(anonymous_2)
FN:31,(anonymous_3)
FN:60,(anonymous_4)
FNF:5
FNH:5
FNDA:3,(anonymous_0)
FNDA:1,(anonymous_1)
FNDA:1,(anonymous_2)
FNDA:1,(anonymous_3)
FNDA:1,(anonymous_4)
DA:4,2
DA:7,3
DA:8,1
DA:9,1
DA:12,1
DA:14,1
DA:15,1
DA:17,1
DA:23,3
DA:25,1
DA:26,1
DA:27,1
DA:31,3
DA:32,1
DA:33,1
DA:35,1
DA:37,1
DA:39,0
DA:41,0
DA:43,1
DA:45,0
DA:47,0
DA:49,0
DA:51,0
DA:53,0
DA:57,3
DA:61,1
DA:62,1
DA:64,1
DA:94,2
LF:30
LH:23
BRDA:12,0,0,1
BRDA:12,0,1,0
BRDA:12,1,0,1
BRDA:12,1,1,1
BRDA:15,2,0,1
BRDA:15,2,1,0
BRDA:37,3,0,0
BRDA:37,3,1,0
BRDA:37,3,2,1
BRDA:37,3,3,0
BRDA:37,3,4,0
BRDA:37,3,5,0
BRDA:37,3,6,0
BRDA:37,3,7,0
BRF:14
BRH:5
end_of_record
TN:
SF:/Users/samuelollason/Documents/Personal/Develop/weatherMobileApp/InfoModal.js
FN:5,(anonymous_0)
FN:13,(anonymous_1)
FN:19,(anonymous_2)
FN:29,(anonymous_3)
FNF:4
FNH:1
FNDA:2,(anonymous_0)
FNDA:0,(anonymous_1)
FNDA:0,(anonymous_2)
FNDA:0,(anonymous_3)
DA:5,2
DA:6,2
DA:12,2
DA:13,0
DA:18,2
DA:19,0
DA:23,2
DA:30,0
DA:79,2
LF:9
LH:6
BRF:0
BRH:0
end_of_record
TN:
SF:/Users/samuelollason/Documents/Personal/Develop/weatherMobileApp/types.js
FNF:0
FNH:0
DA:1,1
DA:2,1
DA:3,1
DA:4,1
DA:5,1
LF:5
LH:5
BRF:0
BRH:0
end_of_record
TN:
SF:/Users/samuelollason/Documents/Personal/Develop/weatherMobileApp/images/clearSky.jpg
FNF:0
FNH:0
DA:1,2
LF:1
LH:1
BRF:0
BRH:0
end_of_record
TN:
SF:/Users/samuelollason/Documents/Personal/Develop/weatherMobileApp/images/rain.jpg
FNF:0
FNH:0
DA:1,1
LF:1
LH:1
BRF:0
BRH:0
end_of_record
